<?xml version="1.0" encoding="UTF-8"?>
<testng-results skipped="0" failed="0" ignored="0" total="1" passed="1">
  <reporter-output>
  </reporter-output>
  <suite name="Default suite" duration-ms="28741" started-at="2020-02-17T15:21:31 CLST" finished-at="2020-02-17T15:22:00 CLST">
    <groups>
    </groups>
    <test name="Default test" duration-ms="28741" started-at="2020-02-17T15:21:31 CLST" finished-at="2020-02-17T15:22:00 CLST">
      <class name="page.login">
        <test-method status="PASS" signature="setUp()[pri:0, instance:page.login@184f6be2]" name="setUp" is-config="true" duration-ms="12057" started-at="2020-02-17T15:21:31 CLST" finished-at="2020-02-17T15:21:43 CLST">
          <reporter-output>
          </reporter-output>
        </test-method> <!-- setUp -->
        <test-method status="PASS" signature="loginTest()[pri:0, instance:page.login@184f6be2]" name="loginTest" duration-ms="13423" started-at="2020-02-17T15:21:43 CLST" finished-at="2020-02-17T15:21:57 CLST">
          <reporter-output>
          </reporter-output>
        </test-method> <!-- loginTest -->
        <test-method status="PASS" signature="quit()[pri:0, instance:page.login@184f6be2]" name="quit" is-config="true" duration-ms="3216" started-at="2020-02-17T15:21:57 CLST" finished-at="2020-02-17T15:22:00 CLST">
          <reporter-output>
          </reporter-output>
        </test-method> <!-- quit -->
      </class> <!-- page.login -->
    </test> <!-- Default test -->
  </suite> <!-- Default suite -->
</testng-results>
